#
# There is insufficient memory for the Java Runtime Environment to continue.
# Native memory allocation (malloc) failed to allocate 32744 bytes for ChunkPool::allocate
# Possible reasons:
#   The system is out of physical RAM or swap space
#   The process is running with CompressedOops enabled, and the Java Heap may be blocking the growth of the native heap
# Possible solutions:
#   Reduce memory load on the system
#   Increase physical memory or swap space
#   Check if swap backing store is full
#   Decrease Java heap size (-Xmx/-Xms)
#   Decrease number of Java threads
#   Decrease Java thread stack sizes (-Xss)
#   Set larger code cache with -XX:ReservedCodeCacheSize=
#   JVM is running with Unscaled Compressed Oops mode in which the Java heap is
#     placed in the first 4GB address space. The Java Heap base address is the
#     maximum limit for the native heap growth. Please use -XX:HeapBaseMinAddress
#     to set the Java Heap base and to place the Java Heap above 4GB virtual address.
# This output file may be truncated or incomplete.
#
#  Out of Memory Error (allocation.cpp:272), pid=4700, tid=0x00000000000005e8
#
# JRE version: OpenJDK Runtime Environment (8.0_212-b04) (build 1.8.0_212-release-1586-b04)
# Java VM: OpenJDK 64-Bit Server VM (25.212-b04 mixed mode windows-amd64 compressed oops)
# Failed to write core dump. Minidumps are not enabled by default on client versions of Windows
#

---------------  T H R E A D  ---------------

Current thread (0x0000000018932000):  JavaThread "C2 CompilerThread1" daemon [_thread_in_native, id=1512, stack(0x0000000019300000,0x0000000019400000)]

Stack: [0x0000000019300000,0x0000000019400000]
[error occurred during error reporting (printing stack bounds), id 0xc0000005]

Native frames: (J=compiled Java code, j=interpreted, Vv=VM code, C=native code)


Current CompileTask:
C2:  42034 9427       4       com.esotericsoftware.kryo.io.Output::writeUtf8Length (405 bytes)


---------------  P R O C E S S  ---------------

Java Threads: ( => current thread )
  0x000000001cb90800 JavaThread "Exec process Thread 3" [_thread_in_native, id=10500, stack(0x0000000027120000,0x0000000027220000)]
  0x000000001cb8e000 JavaThread "Exec process Thread 2" [_thread_in_native, id=3812, stack(0x0000000027020000,0x0000000027120000)]
  0x000000001cb86800 JavaThread "Exec process" [_thread_in_native, id=11016, stack(0x0000000026f20000,0x0000000027020000)]
  0x000000001cb8d800 JavaThread "Cache worker for execution history cache (C:\Users\Dhaval\AndroidStudioProjects\mini project\android\.gradle\5.6.2\executionHistory)" [_thread_blocked, id=18332, stack(0x0000000026c20000,0x0000000026d20000)]
  0x000000001cb8c800 JavaThread "Execution worker for ':' Thread 7" [_thread_blocked, id=16924, stack(0x0000000026920000,0x0000000026a20000)]
  0x000000001cb8c000 JavaThread "Execution worker for ':' Thread 6" [_thread_blocked, id=11268, stack(0x0000000026820000,0x0000000026920000)]
  0x000000001cb84800 JavaThread "Execution worker for ':' Thread 5" [_thread_blocked, id=8204, stack(0x0000000026720000,0x0000000026820000)]
  0x000000001cb8b000 JavaThread "Execution worker for ':' Thread 4" [_thread_blocked, id=20648, stack(0x0000000026620000,0x0000000026720000)]
  0x000000001cb8a800 JavaThread "Execution worker for ':' Thread 3" [_thread_blocked, id=12404, stack(0x0000000026520000,0x0000000026620000)]
  0x000000001cb89000 JavaThread "Execution worker for ':' Thread 2" [_thread_blocked, id=15656, stack(0x0000000026420000,0x0000000026520000)]
  0x000000001cb83800 JavaThread "Execution worker for ':'" [_thread_blocked, id=19048, stack(0x0000000026320000,0x0000000026420000)]
  0x000000001cb88000 JavaThread "Cache worker for file content cache (C:\Users\Dhaval\AndroidStudioProjects\mini project\android\.gradle\5.6.2\fileContent)" [_thread_blocked, id=16928, stack(0x0000000024730000,0x0000000024830000)]
  0x000000001cb85000 JavaThread "Cache worker for file content cache (C:\Users\Dhaval\.gradle\caches\5.6.2\fileContent)" [_thread_blocked, id=20120, stack(0x00000000231c0000,0x00000000232c0000)]
  0x000000001e10a000 JavaThread "Memory manager" [_thread_blocked, id=14936, stack(0x0000000024850000,0x0000000024950000)]
  0x000000001e0ff800 JavaThread "Cache worker for Build Output Cleanup Cache (C:\Users\Dhaval\AndroidStudioProjects\mini project\android\.gradle\buildOutputCleanup)" [_thread_blocked, id=14752, stack(0x0000000022ac0000,0x0000000022bc0000)]
  0x000000001e106800 JavaThread "Build operations Thread 8" [_thread_blocked, id=21100, stack(0x00000000223c0000,0x00000000224c0000)]
  0x000000001e105800 JavaThread "Build operations Thread 7" [_thread_blocked, id=12572, stack(0x00000000222c0000,0x00000000223c0000)]
  0x000000001e0fe000 JavaThread "Build operations Thread 6" [_thread_blocked, id=12160, stack(0x00000000221c0000,0x00000000222c0000)]
  0x000000001e103800 JavaThread "Build operations Thread 5" [_thread_blocked, id=19672, stack(0x00000000220c0000,0x00000000221c0000)]
  0x000000001e0ff000 JavaThread "Build operations Thread 4" [_thread_blocked, id=8996, stack(0x0000000021fc0000,0x00000000220c0000)]
  0x000000001e104000 JavaThread "Build operations Thread 3" [_thread_blocked, id=18844, stack(0x0000000021ec0000,0x0000000021fc0000)]
  0x000000001e105000 JavaThread "Build operations Thread 2" [_thread_blocked, id=14644, stack(0x0000000020920000,0x0000000020a20000)]
  0x000000001e0fd000 JavaThread "Build operations" [_thread_blocked, id=21008, stack(0x00000000205c0000,0x00000000206c0000)]
  0x000000001e102800 JavaThread "Cache worker for execution history cache (C:\Users\Dhaval\.gradle\caches\5.6.2\executionHistory)" [_thread_blocked, id=19720, stack(0x00000000204c0000,0x00000000205c0000)]
  0x000000001e101000 JavaThread "Cache worker for cache directory md-rule (C:\Users\Dhaval\.gradle\caches\5.6.2\md-rule)" [_thread_blocked, id=16556, stack(0x00000000206f0000,0x00000000207f0000)]
  0x000000001e100800 JavaThread "Cache worker for cache directory md-supplier (C:\Users\Dhaval\.gradle\caches\5.6.2\md-supplier)" [_thread_blocked, id=14932, stack(0x0000000020820000,0x0000000020920000)]
  0x0000000019cd3000 JavaThread "Cache worker for file hash cache (C:\Users\Dhaval\AndroidStudioProjects\mini project\android\.gradle\5.6.2\fileHashes)" [_thread_blocked, id=9616, stack(0x000000001e9f0000,0x000000001eaf0000)]
  0x0000000019ccd000 JavaThread "Cache worker for journal cache (C:\Users\Dhaval\.gradle\caches\journal-1)" [_thread_blocked, id=15812, stack(0x000000001c550000,0x000000001c650000)]
  0x0000000019cd1800 JavaThread "File lock request listener" [_thread_in_native, id=5164, stack(0x000000001c450000,0x000000001c550000)]
  0x0000000019cce000 JavaThread "Cache worker for file hash cache (C:\Users\Dhaval\.gradle\caches\5.6.2\fileHashes)" [_thread_blocked, id=10988, stack(0x000000001c350000,0x000000001c450000)]
  0x0000000018968000 JavaThread "Thread-9" [_thread_blocked, id=18308, stack(0x000000001c250000,0x000000001c350000)]
  0x0000000018967800 JavaThread "Stdin handler" [_thread_blocked, id=17060, stack(0x000000001c150000,0x000000001c250000)]
  0x0000000019f7e800 JavaThread "Asynchronous log dispatcher for DefaultDaemonConnection: socket connection from /127.0.0.1:26997 to /127.0.0.1:26998" [_thread_blocked, id=9636, stack(0x000000001bf50000,0x000000001c050000)]
  0x0000000019f24800 JavaThread "Daemon worker" [_thread_blocked, id=15832, stack(0x000000001bc50000,0x000000001bd50000)]
  0x0000000019ff5000 JavaThread "Cancel handler" [_thread_blocked, id=17816, stack(0x000000001bb50000,0x000000001bc50000)]
  0x0000000019ff4000 JavaThread "Handler for socket connection from /127.0.0.1:26997 to /127.0.0.1:26998" [_thread_in_native, id=13832, stack(0x000000001ba50000,0x000000001bb50000)]
  0x0000000019ff3800 JavaThread "Daemon" [_thread_blocked, id=11888, stack(0x000000001b950000,0x000000001ba50000)]
  0x000000001a0e5800 JavaThread "Daemon periodic checks" [_thread_blocked, id=15080, stack(0x000000001b850000,0x000000001b950000)]
  0x000000001a083000 JavaThread "Incoming local TCP Connector on port 26997" [_thread_in_native, id=21480, stack(0x000000001b610000,0x000000001b710000)]
  0x000000001a970800 JavaThread "Daemon health stats" [_thread_blocked, id=14732, stack(0x000000001afd0000,0x000000001b0d0000)]
  0x00000000189c5000 JavaThread "Service Thread" daemon [_thread_blocked, id=13956, stack(0x0000000019600000,0x0000000019700000)]
  0x0000000016b0c000 JavaThread "C1 CompilerThread3" daemon [_thread_blocked, id=13764, stack(0x0000000019500000,0x0000000019600000)]
  0x0000000018935000 JavaThread "C2 CompilerThread2" daemon [_thread_blocked, id=8064, stack(0x0000000019400000,0x0000000019500000)]
=>0x0000000018932000 JavaThread "C2 CompilerThread1" daemon [_thread_in_native, id=1512, stack(0x0000000019300000,0x0000000019400000)]
  0x000000001892f000 JavaThread "C2 CompilerThread0" daemon [_thread_blocked, id=7656, stack(0x0000000019200000,0x0000000019300000)]
  0x000000001892c000 JavaThread "Attach Listener" daemon [_thread_blocked, id=20720, stack(0x0000000019100000,0x0000000019200000)]
  0x000000001892b000 JavaThread "Signal Dispatcher" daemon [_thread_blocked, id=420, stack(0x0000000019000000,0x0000000019100000)]
  0x0000000018920800 JavaThread "Finalizer" daemon [_thread_blocked, id=11332, stack(0x0000000018e00000,0x0000000018f00000)]
  0x0000000016afc800 JavaThread "Reference Handler" daemon [_thread_blocked, id=18004, stack(0x0000000018d00000,0x0000000018e00000)]
  0x0000000002c3e800 JavaThread "main" [_thread_blocked, id=8196, stack(0x0000000002a70000,0x0000000002b70000)]

Other Threads:
  0x0000000016af6800 VMThread [stack: 0x0000000018800000,0x0000000018900000] [id=1132]
  0x00000000189c6800 WatcherThread [stack: 0x0000000019700000,0x0000000019800000] [id=17008]

VM state:not at safepoint (normal execution)

VM Mutex/Monitor currently owned by a thread: None

heap address: 0x00000000a0000000, size: 1536 MB, Compressed Oops mode: 32-bit
Narrow klass base: 0x0000000000000000, Narrow klass shift: 3
Compressed class space size: 1073741824 Address: 0x0000000100000000

Heap:
 PSYoungGen      total 117760K, used 94570K [0x00000000e0000000, 0x00000000e8e80000, 0x0000000100000000)
  eden space 90624K, 84% used [0x00000000e0000000,0x00000000e4b245a0,0x00000000e5880000)
  from space 27136K, 64% used [0x00000000e7400000,0x00000000e8536458,0x00000000e8e80000)
  to   space 27648K, 0% used [0x00000000e5880000,0x00000000e5880000,0x00000000e7380000)
 ParOldGen       total 87040K, used 43809K [0x00000000a0000000, 0x00000000a5500000, 0x00000000e0000000)
  object space 87040K, 50% used [0x00000000a0000000,0x00000000a2ac86c8,0x00000000a5500000)
 Metaspace       used 63650K, capacity 67300K, committed 67608K, reserved 1107968K
  class space    used 8803K, capacity 9706K, committed 9760K, reserved 1048576K

Card table byte_map: [0x0000000012100000,0x0000000012410000] byte_map_base: 0x0000000011c00000

Marking Bits: (ParMarkBitMap*) 0x0000000052619f30
 Begin Bits: [0x0000000012e10000, 0x0000000014610000)
 End Bits:   [0x0000000014610000, 0x0000000015e10000)

Polling page: 0x0000000001210000

CodeCache: size=245760Kb used=26398Kb max_used=26839Kb free=219361Kb
 bounds [0x0000000002d40000, 0x00000000047d0000, 0x0000000011d40000]
 total_blobs=9148 nmethods=8343 adapters=717
 compilation: enabled

Compilation events (10 events):
Event: 41.979 Thread 0x0000000016b0c000 nmethod 9422 0x0000000003021650 code [0x00000000030217c0, 0x0000000003021b08]
Event: 41.979 Thread 0x0000000016b0c000 9423       3       java.nio.charset.CharsetDecoder::implOnMalformedInput (1 bytes)
Event: 41.979 Thread 0x0000000016b0c000 nmethod 9423 0x00000000037d2810 code [0x00000000037d2960, 0x00000000037d2ab0]
Event: 41.979 Thread 0x0000000016b0c000 9424       3       java.nio.charset.CharsetDecoder::onUnmappableCharacter (26 bytes)
Event: 41.979 Thread 0x0000000016b0c000 nmethod 9424 0x0000000003256410 code [0x0000000003256580, 0x00000000032568c8]
Event: 41.979 Thread 0x0000000016b0c000 9425       3       java.nio.charset.CharsetDecoder::implOnUnmappableCharacter (1 bytes)
Event: 41.979 Thread 0x0000000016b0c000 nmethod 9425 0x0000000003da4d90 code [0x0000000003da4ee0, 0x0000000003da5030]
Event: 41.981 Thread 0x0000000018932000 9427       4       com.esotericsoftware.kryo.io.Output::writeUtf8Length (405 bytes)
Event: 41.981 Thread 0x0000000016b0c000 9426       1       java.nio.DirectByteBuffer::ix (10 bytes)
Event: 41.981 Thread 0x0000000016b0c000 nmethod 9426 0x0000000003e7ac50 code [0x0000000003e7ada0, 0x0000000003e7aeb0]

GC Heap History (10 events):
Event: 32.629 GC heap before
{Heap before GC invocations=23 (full 2):
 PSYoungGen      total 73728K, used 73719K [0x00000000e0000000, 0x00000000e6480000, 0x0000000100000000)
  eden space 55296K, 100% used [0x00000000e0000000,0x00000000e3600000,0x00000000e3600000)
  from space 18432K, 99% used [0x00000000e4b80000,0x00000000e5d7ddb8,0x00000000e5d80000)
  to   space 22016K, 0% used [0x00000000e3600000,0x00000000e3600000,0x00000000e4b80000)
 ParOldGen       total 52224K, used 23838K [0x00000000a0000000, 0x00000000a3300000, 0x00000000e0000000)
  object space 52224K, 45% used [0x00000000a0000000,0x00000000a1747a80,0x00000000a3300000)
 Metaspace       used 56494K, capacity 58792K, committed 59048K, reserved 1099776K
  class space    used 7687K, capacity 8338K, committed 8368K, reserved 1048576K
Event: 32.644 GC heap after
Heap after GC invocations=23 (full 2):
 PSYoungGen      total 77312K, used 21985K [0x00000000e0000000, 0x00000000e7a80000, 0x0000000100000000)
  eden space 55296K, 0% used [0x00000000e0000000,0x00000000e0000000,0x00000000e3600000)
  from space 22016K, 99% used [0x00000000e3600000,0x00000000e4b78698,0x00000000e4b80000)
  to   space 26624K, 0% used [0x00000000e6080000,0x00000000e6080000,0x00000000e7a80000)
 ParOldGen       total 52224K, used 28294K [0x00000000a0000000, 0x00000000a3300000, 0x00000000e0000000)
  object space 52224K, 54% used [0x00000000a0000000,0x00000000a1ba1ac8,0x00000000a3300000)
 Metaspace       used 56494K, capacity 58792K, committed 59048K, reserved 1099776K
  class space    used 7687K, capacity 8338K, committed 8368K, reserved 1048576K
}
Event: 32.802 GC heap before
{Heap before GC invocations=24 (full 2):
 PSYoungGen      total 77312K, used 29412K [0x00000000e0000000, 0x00000000e7a80000, 0x0000000100000000)
  eden space 55296K, 13% used [0x00000000e0000000,0x00000000e0740ac0,0x00000000e3600000)
  from space 22016K, 99% used [0x00000000e3600000,0x00000000e4b78698,0x00000000e4b80000)
  to   space 26624K, 0% used [0x00000000e6080000,0x00000000e6080000,0x00000000e7a80000)
 ParOldGen       total 52224K, used 28294K [0x00000000a0000000, 0x00000000a3300000, 0x00000000e0000000)
  object space 52224K, 54% used [0x00000000a0000000,0x00000000a1ba1ac8,0x00000000a3300000)
 Metaspace       used 56646K, capacity 59072K, committed 59160K, reserved 1099776K
  class space    used 7711K, capacity 8398K, committed 8480K, reserved 1048576K
Event: 32.816 GC heap after
Heap after GC invocations=24 (full 2):
 PSYoungGen      total 97792K, used 18680K [0x00000000e0000000, 0x00000000e7f80000, 0x0000000100000000)
  eden space 71168K, 0% used [0x00000000e0000000,0x00000000e0000000,0x00000000e4580000)
  from space 26624K, 70% used [0x00000000e6080000,0x00000000e72be020,0x00000000e7a80000)
  to   space 27648K, 0% used [0x00000000e4580000,0x00000000e4580000,0x00000000e6080000)
 ParOldGen       total 52224K, used 32825K [0x00000000a0000000, 0x00000000a3300000, 0x00000000e0000000)
  object space 52224K, 62% used [0x00000000a0000000,0x00000000a200e5a0,0x00000000a3300000)
 Metaspace       used 56646K, capacity 59072K, committed 59160K, reserved 1099776K
  class space    used 7711K, capacity 8398K, committed 8480K, reserved 1048576K
}
Event: 32.816 GC heap before
{Heap before GC invocations=25 (full 3):
 PSYoungGen      total 97792K, used 18680K [0x00000000e0000000, 0x00000000e7f80000, 0x0000000100000000)
  eden space 71168K, 0% used [0x00000000e0000000,0x00000000e0000000,0x00000000e4580000)
  from space 26624K, 70% used [0x00000000e6080000,0x00000000e72be020,0x00000000e7a80000)
  to   space 27648K, 0% used [0x00000000e4580000,0x00000000e4580000,0x00000000e6080000)
 ParOldGen       total 52224K, used 32825K [0x00000000a0000000, 0x00000000a3300000, 0x00000000e0000000)
  object space 52224K, 62% used [0x00000000a0000000,0x00000000a200e5a0,0x00000000a3300000)
 Metaspace       used 56646K, capacity 59072K, committed 59160K, reserved 1099776K
  class space    used 7711K, capacity 8398K, committed 8480K, reserved 1048576K
Event: 33.020 GC heap after
Heap after GC invocations=25 (full 3):
 PSYoungGen      total 97792K, used 0K [0x00000000e0000000, 0x00000000e7f80000, 0x0000000100000000)
  eden space 71168K, 0% used [0x00000000e0000000,0x00000000e0000000,0x00000000e4580000)
  from space 26624K, 0% used [0x00000000e6080000,0x00000000e6080000,0x00000000e7a80000)
  to   space 27648K, 0% used [0x00000000e4580000,0x00000000e4580000,0x00000000e6080000)
 ParOldGen       total 87040K, used 43793K [0x00000000a0000000, 0x00000000a5500000, 0x00000000e0000000)
  object space 87040K, 50% used [0x00000000a0000000,0x00000000a2ac46c8,0x00000000a5500000)
 Metaspace       used 56646K, capacity 59072K, committed 59160K, reserved 1099776K
  class space    used 7711K, capacity 8398K, committed 8480K, reserved 1048576K
}
Event: 34.233 GC heap before
{Heap before GC invocations=26 (full 3):
 PSYoungGen      total 97792K, used 71168K [0x00000000e0000000, 0x00000000e7f80000, 0x0000000100000000)
  eden space 71168K, 100% used [0x00000000e0000000,0x00000000e4580000,0x00000000e4580000)
  from space 26624K, 0% used [0x00000000e6080000,0x00000000e6080000,0x00000000e7a80000)
  to   space 27648K, 0% used [0x00000000e4580000,0x00000000e4580000,0x00000000e6080000)
 ParOldGen       total 87040K, used 43793K [0x00000000a0000000, 0x00000000a5500000, 0x00000000e0000000)
  object space 87040K, 50% used [0x00000000a0000000,0x00000000a2ac46c8,0x00000000a5500000)
 Metaspace       used 60083K, capacity 62872K, committed 63128K, reserved 1103872K
  class space    used 8258K, capacity 9027K, committed 9120K, reserved 1048576K
Event: 34.238 GC heap after
Heap after GC invocations=26 (full 3):
 PSYoungGen      total 98816K, used 8173K [0x00000000e0000000, 0x00000000e8e80000, 0x0000000100000000)
  eden space 71168K, 0% used [0x00000000e0000000,0x00000000e0000000,0x00000000e4580000)
  from space 27648K, 29% used [0x00000000e4580000,0x00000000e4d7b7f8,0x00000000e6080000)
  to   space 27136K, 0% used [0x00000000e7400000,0x00000000e7400000,0x00000000e8e80000)
 ParOldGen       total 87040K, used 43801K [0x00000000a0000000, 0x00000000a5500000, 0x00000000e0000000)
  object space 87040K, 50% used [0x00000000a0000000,0x00000000a2ac66c8,0x00000000a5500000)
 Metaspace       used 60083K, capacity 62872K, committed 63128K, reserved 1103872K
  class space    used 8258K, capacity 9027K, committed 9120K, reserved 1048576K
}
Event: 35.542 GC heap before
{Heap before GC invocations=27 (full 3):
 PSYoungGen      total 98816K, used 79341K [0x00000000e0000000, 0x00000000e8e80000, 0x0000000100000000)
  eden space 71168K, 100% used [0x00000000e0000000,0x00000000e4580000,0x00000000e4580000)
  from space 27648K, 29% used [0x00000000e4580000,0x00000000e4d7b7f8,0x00000000e6080000)
  to   space 27136K, 0% used [0x00000000e7400000,0x00000000e7400000,0x00000000e8e80000)
 ParOldGen       total 87040K, used 43801K [0x00000000a0000000, 0x00000000a5500000, 0x00000000e0000000)
  object space 87040K, 50% used [0x00000000a0000000,0x00000000a2ac66c8,0x00000000a5500000)
 Metaspace       used 61755K, capacity 64738K, committed 64920K, reserved 1105920K
  class space    used 8477K, capacity 9259K, committed 9376K, reserved 1048576K
Event: 35.554 GC heap after
Heap after GC invocations=27 (full 3):
 PSYoungGen      total 117760K, used 17625K [0x00000000e0000000, 0x00000000e8e80000, 0x0000000100000000)
  eden space 90624K, 0% used [0x00000000e0000000,0x00000000e0000000,0x00000000e5880000)
  from space 27136K, 64% used [0x00000000e7400000,0x00000000e8536458,0x00000000e8e80000)
  to   space 27648K, 0% used [0x00000000e5880000,0x00000000e5880000,0x00000000e7380000)
 ParOldGen       total 87040K, used 43809K [0x00000000a0000000, 0x00000000a5500000, 0x00000000e0000000)
  object space 87040K, 50% used [0x00000000a0000000,0x00000000a2ac86c8,0x00000000a5500000)
 Metaspace       used 61755K, capacity 64738K, committed 64920K, reserved 1105920K
  class space    used 8477K, capacity 9259K, committed 9376K, reserved 1048576K
}

Deoptimization events (10 events):
Event: 36.408 Thread 0x000000001cb8c000 Uncommon trap: reason=class_check action=maybe_recompile pc=0x00000000046a9670 method=com.google.common.collect.AbstractMapBasedMultimap$AsMap.get(Ljava/lang/Object;)Ljava/util/Collection; @ 8
Event: 36.669 Thread 0x000000001e102800 Uncommon trap: reason=unstable_if action=reinterpret pc=0x0000000003f823fc method=com.esotericsoftware.kryo.io.Input.readVarInt(Z)I @ 42
Event: 36.669 Thread 0x000000001e102800 Uncommon trap: reason=unstable_if action=reinterpret pc=0x00000000036ad120 method=com.esotericsoftware.kryo.io.Input.readUtf8(I)V @ 79
Event: 37.641 Thread 0x000000001cb8d800 Uncommon trap: reason=unstable_if action=reinterpret pc=0x000000000426adf0 method=com.esotericsoftware.kryo.io.Input.readVarInt(Z)I @ 42
Event: 41.978 Thread 0x000000001cb8e000 Uncommon trap: reason=bimorphic action=maybe_recompile pc=0x0000000003fe9530 method=org.gradle.internal.logging.sink.OutputEventRenderer.onOutput(Lorg/gradle/internal/logging/events/OutputEvent;)V @ 1
Event: 41.978 Thread 0x000000001cb8e000 Uncommon trap: reason=bimorphic action=maybe_recompile pc=0x0000000003fe9530 method=org.gradle.internal.logging.sink.OutputEventRenderer.onOutput(Lorg/gradle/internal/logging/events/OutputEvent;)V @ 1
Event: 41.978 Thread 0x000000001cb8e000 Uncommon trap: reason=unstable_if action=reinterpret pc=0x0000000003198e1c method=org.gradle.internal.logging.text.AbstractLineChoppingStyledTextOutput$2.execute(Lorg/gradle/internal/logging/text/AbstractLineChoppingStyledTextOutput$StateContext;)V @ 30
Event: 41.978 Thread 0x000000001cb8e000 Uncommon trap: reason=bimorphic action=maybe_recompile pc=0x0000000003fe9530 method=org.gradle.internal.logging.sink.OutputEventRenderer.onOutput(Lorg/gradle/internal/logging/events/OutputEvent;)V @ 1
Event: 41.978 Thread 0x000000001cb8e000 Uncommon trap: reason=bimorphic action=maybe_recompile pc=0x0000000003fe9530 method=org.gradle.internal.logging.sink.OutputEventRenderer.onOutput(Lorg/gradle/internal/logging/events/OutputEvent;)V @ 1
Event: 41.978 Thread 0x000000001cb8e000 Uncommon trap: reason=unstable_if action=reinterpret pc=0x000000000315058c method=org.gradle.internal.logging.text.AbstractLineChoppingStyledTextOutput$2.execute(Lorg/gradle/internal/logging/text/AbstractLineChoppingStyledTextOutput$StateContext;)V @ 30

Classes redefined (0 events):
No events

Internal exceptions (10 events):
Event: 38.224 Thread 0x000000001cb83800 Exception <a 'java/lang/ClassNotFoundException': org/gradle/process/internal/DefaultExecAction_DecoratedBeanInfo> (0x00000000e46b24a8) thrown at [D:\src\AOSP-openjdk-cygwin\jdk8u\hotspot\src\share\vm\classfile\systemDictionary.cpp, line 210]
Event: 38.224 Thread 0x000000001cb83800 Exception <a 'java/lang/ClassNotFoundException': org/gradle/process/internal/DefaultExecActionBeanInfo> (0x00000000e46ea210) thrown at [D:\src\AOSP-openjdk-cygwin\jdk8u\hotspot\src\share\vm\classfile\systemDictionary.cpp, line 210]
Event: 38.225 Thread 0x000000001cb83800 Exception <a 'java/lang/ClassNotFoundException': org/gradle/process/internal/DefaultExecHandleBuilderBeanInfo> (0x00000000e4726b80) thrown at [D:\src\AOSP-openjdk-cygwin\jdk8u\hotspot\src\share\vm\classfile\systemDictionary.cpp, line 210]
Event: 38.225 Thread 0x000000001cb83800 Exception <a 'java/lang/ClassNotFoundException': org/gradle/process/internal/AbstractExecHandleBuilderBeanInfo> (0x00000000e4764698) thrown at [D:\src\AOSP-openjdk-cygwin\jdk8u\hotspot\src\share\vm\classfile\systemDictionary.cpp, line 210]
Event: 38.226 Thread 0x000000001cb83800 Exception <a 'java/lang/ClassNotFoundException': org/gradle/process/internal/DefaultProcessForkOptionsBeanInfo> (0x00000000e47a2260) thrown at [D:\src\AOSP-openjdk-cygwin\jdk8u\hotspot\src\share\vm\classfile\systemDictionary.cpp, line 210]
Event: 38.227 Thread 0x000000001cb83800 Exception <a 'java/lang/ClassNotFoundException': org/gradle/process/internal/DefaultProcessForkOptionsCustomizer> (0x00000000e47e0de8) thrown at [D:\src\AOSP-openjdk-cygwin\jdk8u\hotspot\src\share\vm\classfile\systemDictionary.cpp, line 210]
Event: 38.228 Thread 0x000000001cb83800 Exception <a 'java/lang/ClassNotFoundException': org/gradle/process/internal/AbstractExecHandleBuilderCustomizer> (0x00000000e4832440) thrown at [D:\src\AOSP-openjdk-cygwin\jdk8u\hotspot\src\share\vm\classfile\systemDictionary.cpp, line 210]
Event: 38.228 Thread 0x000000001cb83800 Exception <a 'java/lang/ClassNotFoundException': org/gradle/process/internal/DefaultExecHandleBuilderCustomizer> (0x00000000e4886480) thrown at [D:\src\AOSP-openjdk-cygwin\jdk8u\hotspot\src\share\vm\classfile\systemDictionary.cpp, line 210]
Event: 38.229 Thread 0x000000001cb83800 Exception <a 'java/lang/ClassNotFoundException': org/gradle/process/internal/DefaultExecActionCustomizer> (0x00000000e48fd4e0) thrown at [D:\src\AOSP-openjdk-cygwin\jdk8u\hotspot\src\share\vm\classfile\systemDictionary.cpp, line 210]
Event: 38.229 Thread 0x000000001cb83800 Exception <a 'java/lang/ClassNotFoundException': org/gradle/process/internal/DefaultExecAction_DecoratedCustomizer> (0x00000000e4947510) thrown at [D:\src\AOSP-openjdk-cygwin\jdk8u\hotspot\src\share\vm\classfile\systemDictionary.cpp, line 210]

Events (10 events):
Event: 41.978 Thread 0x000000001cb8e000 DEOPT UNPACKING pc=0x0000000002d8557b sp=0x000000002711de00 mode 2
Event: 41.978 Thread 0x000000001cb8e000 Uncommon trap: trap_request=0xffffffc6 fr.pc=0x0000000003fe9530
Event: 41.978 Thread 0x000000001cb8e000 DEOPT PACKING pc=0x0000000003fe9530 sp=0x000000002711e940
Event: 41.978 Thread 0x000000001cb8e000 DEOPT UNPACKING pc=0x0000000002d8557b sp=0x000000002711e8f0 mode 2
Event: 41.978 Thread 0x000000001cb8e000 Uncommon trap: trap_request=0xffffffc6 fr.pc=0x0000000003fe9530
Event: 41.978 Thread 0x000000001cb8e000 DEOPT PACKING pc=0x0000000003fe9530 sp=0x000000002711e940
Event: 41.978 Thread 0x000000001cb8e000 DEOPT UNPACKING pc=0x0000000002d8557b sp=0x000000002711e8f0 mode 2
Event: 41.978 Thread 0x000000001cb8e000 Uncommon trap: trap_request=0xffffff65 fr.pc=0x000000000315058c
Event: 41.978 Thread 0x000000001cb8e000 DEOPT PACKING pc=0x000000000315058c sp=0x000000002711df40
Event: 41.978 Thread 0x000000001cb8e000 DEOPT UNPACKING pc=0x0000000002d8557b sp=0x000000002711ddd8 mode 2


Dynamic libraries:
0x00007ff7da850000 - 0x00007ff7da881000 	C:\Program Files\Android\Android Studio\jre\bin\java.exe
0x00007ffb67200000 - 0x00007ffb673f0000 	C:\WINDOWS\SYSTEM32\ntdll.dll
0x00007ffb66620000 - 0x00007ffb666d2000 	C:\WINDOWS\System32\KERNEL32.DLL
0x00007ffb645b0000 - 0x00007ffb64853000 	C:\WINDOWS\System32\KERNELBASE.dll
0x00007ffb67110000 - 0x00007ffb671b3000 	C:\WINDOWS\System32\ADVAPI32.dll
0x00007ffb666e0000 - 0x00007ffb6677e000 	C:\WINDOWS\System32\msvcrt.dll
0x00007ffb65b70000 - 0x00007ffb65c07000 	C:\WINDOWS\System32\sechost.dll
0x00007ffb66780000 - 0x00007ffb668a0000 	C:\WINDOWS\System32\RPCRT4.dll
0x00007ffb66b00000 - 0x00007ffb66c94000 	C:\WINDOWS\System32\USER32.dll
0x00007ffb64ab0000 - 0x00007ffb64ad1000 	C:\WINDOWS\System32\win32u.dll
0x00007ffb65ed0000 - 0x00007ffb65ef6000 	C:\WINDOWS\System32\GDI32.dll
0x00007ffb64190000 - 0x00007ffb64324000 	C:\WINDOWS\System32\gdi32full.dll
0x00007ffb64330000 - 0x00007ffb643ce000 	C:\WINDOWS\System32\msvcp_win.dll
0x00007ffb644b0000 - 0x00007ffb645aa000 	C:\WINDOWS\System32\ucrtbase.dll
0x00007ffb57610000 - 0x00007ffb57895000 	C:\WINDOWS\WinSxS\amd64_microsoft.windows.common-controls_6595b64144ccf1df_6.0.18362.778_none_e6c6b761130d4fb8\COMCTL32.dll
0x00007ffb660b0000 - 0x00007ffb663e6000 	C:\WINDOWS\System32\combase.dll
0x00007ffb643d0000 - 0x00007ffb64450000 	C:\WINDOWS\System32\bcryptPrimitives.dll
0x00007ffb659a0000 - 0x00007ffb659ce000 	C:\WINDOWS\System32\IMM32.DLL
0x0000000051c90000 - 0x0000000051d62000 	C:\Program Files\Android\Android Studio\jre\jre\bin\msvcr100.dll
0x0000000051e50000 - 0x0000000052696000 	C:\Program Files\Android\Android Studio\jre\jre\bin\server\jvm.dll
0x00007ffb668a0000 - 0x00007ffb668a8000 	C:\WINDOWS\System32\PSAPI.DLL
0x00007ffb4e0f0000 - 0x00007ffb4e0f9000 	C:\WINDOWS\SYSTEM32\WSOCK32.dll
0x00007ffb5e740000 - 0x00007ffb5e74a000 	C:\WINDOWS\SYSTEM32\VERSION.dll
0x00007ffb659d0000 - 0x00007ffb65a3f000 	C:\WINDOWS\System32\WS2_32.dll
0x00007ffb61840000 - 0x00007ffb61864000 	C:\WINDOWS\SYSTEM32\WINMM.dll
0x00007ffb61630000 - 0x00007ffb6165d000 	C:\WINDOWS\SYSTEM32\winmmbase.dll
0x00007ffb65260000 - 0x00007ffb652aa000 	C:\WINDOWS\System32\cfgmgr32.dll
0x00007ffb55450000 - 0x00007ffb5545f000 	C:\Program Files\Android\Android Studio\jre\jre\bin\verify.dll
0x00007ffb41630000 - 0x00007ffb41659000 	C:\Program Files\Android\Android Studio\jre\jre\bin\java.dll
0x00007ffb4f690000 - 0x00007ffb4f6a6000 	C:\Program Files\Android\Android Studio\jre\jre\bin\zip.dll
0x00007ffb652b0000 - 0x00007ffb65995000 	C:\WINDOWS\System32\SHELL32.dll
0x00007ffb65ce0000 - 0x00007ffb65d89000 	C:\WINDOWS\System32\shcore.dll
0x00007ffb64ae0000 - 0x00007ffb65260000 	C:\WINDOWS\System32\windows.storage.dll
0x00007ffb640d0000 - 0x00007ffb640f3000 	C:\WINDOWS\System32\profapi.dll
0x00007ffb64120000 - 0x00007ffb6416a000 	C:\WINDOWS\System32\powrprof.dll
0x00007ffb640c0000 - 0x00007ffb640d0000 	C:\WINDOWS\System32\UMPDC.dll
0x00007ffb663f0000 - 0x00007ffb66442000 	C:\WINDOWS\System32\shlwapi.dll
0x00007ffb64100000 - 0x00007ffb64111000 	C:\WINDOWS\System32\kernel.appcore.dll
0x00007ffb64860000 - 0x00007ffb64877000 	C:\WINDOWS\System32\cryptsp.dll
0x00007ffb44400000 - 0x00007ffb4441a000 	C:\Program Files\Android\Android Studio\jre\jre\bin\net.dll
0x00007ffb51710000 - 0x00007ffb518e5000 	C:\WINDOWS\SYSTEM32\urlmon.dll
0x00007ffb51a10000 - 0x00007ffb51cb6000 	C:\WINDOWS\SYSTEM32\iertutil.dll
0x00007ffb63b00000 - 0x00007ffb63b0c000 	C:\WINDOWS\SYSTEM32\CRYPTBASE.DLL
0x00007ffb63930000 - 0x00007ffb63997000 	C:\WINDOWS\system32\mswsock.dll
0x00007ffb42b70000 - 0x00007ffb42b83000 	C:\Program Files\Android\Android Studio\jre\jre\bin\nio.dll
0x00007ffb573b0000 - 0x00007ffb573d6000 	C:\Users\Dhaval\.gradle\native\30\windows-amd64\native-platform.dll
0x00007ffb4f8e0000 - 0x00007ffb4f8ed000 	C:\Program Files\Android\Android Studio\jre\jre\bin\management.dll
0x00007ffb634a0000 - 0x00007ffb634d3000 	C:\WINDOWS\system32\rsaenh.dll
0x00007ffb64930000 - 0x00007ffb64956000 	C:\WINDOWS\System32\bcrypt.dll
0x00007ffb63fe0000 - 0x00007ffb64005000 	C:\WINDOWS\SYSTEM32\USERENV.dll
0x00007ffb63640000 - 0x00007ffb6367a000 	C:\WINDOWS\SYSTEM32\IPHLPAPI.DLL
0x00007ffb66590000 - 0x00007ffb66598000 	C:\WINDOWS\System32\NSI.dll
0x00007ffb5f580000 - 0x00007ffb5f596000 	C:\WINDOWS\SYSTEM32\dhcpcsvc6.DLL
0x00007ffb5f4a0000 - 0x00007ffb5f4bc000 	C:\WINDOWS\SYSTEM32\dhcpcsvc.DLL
0x00007ffb63680000 - 0x00007ffb6374a000 	C:\WINDOWS\SYSTEM32\DNSAPI.dll

VM Arguments:
jvm_args: -Xmx1536M -Dfile.encoding=windows-1252 -Duser.country=IN -Duser.language=en -Duser.variant 
java_command: org.gradle.launcher.daemon.bootstrap.GradleDaemon 5.6.2
java_class_path (initial): C:\Users\Dhaval\.gradle\wrapper\dists\gradle-5.6.2-all\9st6wgf78h16so49nn74lgtbb\gradle-5.6.2\lib\gradle-launcher-5.6.2.jar
Launcher Type: SUN_STANDARD

Environment Variables:
JAVA_HOME=C:\Program Files\Android\Android Studio\jre
CLASSPATH=C:\Users\Dhaval\AndroidStudioProjects\mini project\android\\gradle\wrapper\gradle-wrapper.jar
PATH=C:\Program Files\NVIDIA Corporation\NVIDIA NvDLISR;C:\Program Files\dotnet\;C:\Program Files\Dart\dart-sdk\bin;C:\src\flutter\bin;C:\Program Files\Git\cmd\;C:\Windows\System32;C:\Program Files\Java\jre1.8.0_211\bin;C:\WINDOWS\System32\WindowsPowerShell\v1.0\;C:\src\flutter\bin;C:\Windows\System32;C:\WINDOWS\System32\WindowsPowerShell\v1.0\;;C:\src\flutter\bin\mingit\cmd
USERNAME=Dhaval
OS=Windows_NT
PROCESSOR_IDENTIFIER=Intel64 Family 6 Model 158 Stepping 10, GenuineIntel



---------------  S Y S T E M  ---------------

OS: Windows 10.0 , 64 bit Build 18362 (10.0.18362.778)

CPU:total 8 (initial active 8) (4 cores per cpu, 2 threads per core) family 6 model 158 stepping 10, cmov, cx8, fxsr, mmx, sse, sse2, sse3, ssse3, sse4.1, sse4.2, popcnt, avx, avx2, aes, clmul, erms, 3dnowpref, lzcnt, ht, tsc, tscinvbit, bmi1, bmi2, adx

Memory: 4k page, physical 8275092k(428056k free), swap 14419092k(3068k free)

vm_info: OpenJDK 64-Bit Server VM (25.212-b04) for windows-amd64 JRE (1.8.0_212-release-1586-b04), built by "builder" with MS VC++ 10.0 (VS2010)

time: Fri May 15 21:20:31 2020
timezone: India Standard Time
elapsed time: 42 seconds (0d 0h 0m 42s)

